ISim log file
Running: D:\Material de Tecsup\Tercer ciclo\Circuitos integrados\Lab 12\Aplicacion12\Aplicacion12_TB_isim_beh.exe -intstyle ise -gui -tclbatch isim.cmd -wdb D:/Material de Tecsup/Tercer ciclo/Circuitos integrados/Lab 12/Aplicacion12/Aplicacion12_TB_isim_beh.wdb 
ISim P.68d (signature 0x7708f090)
This is a Full version of ISim.
Time resolution is 1 ps
# onerror resume
# wave add /
# run 1000 ns
Simulator is doing circuit initialization process.
Finished circuit initialization process.
# restart
# run 60ns
Simulator is doing circuit initialization process.
Finished circuit initialization process.
# run 60ns
# run 60ns
# run 60ns
# run 60ns
# run 60ns
# run 60ns
# run 60ns
# run 60ns
# run 60ns
# run 60ns
# run 60ns
# run 60ns
# run 60ns
# run 60ns
# run 60ns
# run 60ns
# run 60ns
# run 60ns
# run 60ns
