ISim log file
Running: D:\Material de Tecsup\Tercer ciclo\Circuitos integrados\labvhdl 2\semaforo\semaforo_TB_isim_beh.exe -intstyle ise -gui -tclbatch isim.cmd -wdb D:/Material de Tecsup/Tercer ciclo/Circuitos integrados/labvhdl 2/semaforo/semaforo_TB_isim_beh.wdb 
ISim P.68d (signature 0x7708f090)
This is a Full version of ISim.
Time resolution is 1 ps
# onerror resume
# wave add /
# run 1000 ns
Simulator is doing circuit initialization process.
Finished circuit initialization process.
# restart
# isim force add /semaforo_tb/chg 0 -radix bin -time 0 fs -value 1 -radix bin -time 5 ns -repeat 10 ns -cancel 150 ns
# isim force add /semaforo_tb/chg 0 -radix bin -time 0 fs -value 1 -radix bin -time 5 ns -repeat 10 ns -cancel 150 ns
# run 10ns
Simulator is doing circuit initialization process.
Finished circuit initialization process.
# run 10ns
# run 10ns
# run 10ns
# run 10ns
# run 10ns
# run 10ns
# run 10ns
# run 10ns
# run 10ns
# run 10ns
# run 10ns
# run 10ns
# run 10ns
# run 10ns
# run 10ns
# run 10ns
# run 10ns
# run 10ns
